<?xml version="1.0" encoding="UTF-8"?>
<testng-results ignored="0" total="2" passed="2" failed="0" skipped="0">
  <reporter-output>
  </reporter-output>
  <suite started-at="2026-07-01T16:23:14 CDT" name="Surefire suite" finished-at="2026-07-01T16:23:42 CDT" duration-ms="27443">
    <groups>
    </groups>
    <test started-at="2026-07-01T16:23:14 CDT" name="Surefire test" finished-at="2026-07-01T16:23:42 CDT" duration-ms="27443">
      <class name="launchBrowserTest.LaunchTest">
        <test-method is-config="true" signature="setup()[pri:0, instance:launchBrowserTest.LaunchTest@159f197]" started-at="2026-07-01T16:23:14 CDT" name="setup" finished-at="2026-07-01T16:23:19 CDT" duration-ms="4342" status="PASS">
          <reporter-output>
          </reporter-output>
        </test-method> <!-- setup -->
        <test-method signature="loginFlow()[pri:0, instance:launchBrowserTest.LaunchTest@159f197]" started-at="2026-07-01T16:23:19 CDT" name="loginFlow" finished-at="2026-07-01T16:23:39 CDT" duration-ms="20650" status="PASS">
          <reporter-output>
          </reporter-output>
        </test-method> <!-- loginFlow -->
        <test-method signature="Services()[pri:0, instance:launchBrowserTest.LaunchTest@159f197]" started-at="2026-07-01T16:23:39 CDT" name="Services" finished-at="2026-07-01T16:23:42 CDT" depends-on-methods="launchBrowserTest.LaunchTest.loginFlow" duration-ms="2407" status="PASS">
          <reporter-output>
          </reporter-output>
        </test-method> <!-- Services -->
        <test-method is-config="true" signature="tearDown()[pri:0, instance:launchBrowserTest.LaunchTest@159f197]" started-at="2026-07-01T16:23:42 CDT" name="tearDown" finished-at="2026-07-01T16:23:42 CDT" duration-ms="1" status="PASS">
          <reporter-output>
          </reporter-output>
        </test-method> <!-- tearDown -->
      </class> <!-- launchBrowserTest.LaunchTest -->
    </test> <!-- Surefire test -->
  </suite> <!-- Surefire suite -->
</testng-results>
